2025-08-17 20:08:10,579 - INFO - context_portal_mcp.main - File logging configured to: /home/bencan/projects/canvasCheckerBot/context_portal/./logs/conport.log
2025-08-17 20:08:10,579 - INFO - context_portal_mcp.main - Parsed CLI args: Namespace(host='127.0.0.1', port=8000, workspace_id='/home/bencan/projects/canvasCheckerBot', mode='stdio', log_file='./logs/conport.log', log_level='INFO')
2025-08-17 20:08:10,579 - INFO - context_portal_mcp.main - Starting ConPort in STDIO mode using FastMCP for initial CLI arg workspace_id: /home/bencan/projects/canvasCheckerBot
2025-08-17 20:08:10,579 - INFO - context_portal_mcp.main - Pre-warming database connection for workspace: /home/bencan/projects/canvasCheckerBot
2025-08-17 20:08:10,579 - INFO - context_portal_mcp.db.database - Alembic.ini not found. Creating at /home/bencan/projects/canvasCheckerBot/context_portal/alembic.ini
2025-08-17 20:08:10,580 - INFO - context_portal_mcp.db.database - Alembic env.py not found. Creating at /home/bencan/projects/canvasCheckerBot/context_portal/alembic/env.py
2025-08-17 20:08:10,580 - INFO - context_portal_mcp.db.database - Initial schema not found. Creating at /home/bencan/projects/canvasCheckerBot/context_portal/alembic/versions/2025_06_17_initial_schema.py
2025-08-17 20:08:10,580 - INFO - context_portal_mcp.db.database - Alembic: Script directory /home/bencan/projects/canvasCheckerBot/context_portal/alembic confirmed to exist by Python.
2025-08-17 20:08:10,580 - INFO - context_portal_mcp.db.database - Running Alembic migrations for database: /home/bencan/projects/canvasCheckerBot/context_portal/context.db
2025-08-17 20:49:18,425 - INFO - context_portal_mcp.main - File logging configured to: /home/bencan/projects/canvasCheckerBot/context_portal/./logs/conport.log
2025-08-17 20:49:18,425 - INFO - context_portal_mcp.main - Parsed CLI args: Namespace(host='127.0.0.1', port=8000, workspace_id='/home/bencan/projects/canvasCheckerBot', mode='stdio', log_file='./logs/conport.log', log_level='INFO')
2025-08-17 20:49:18,425 - INFO - context_portal_mcp.main - Starting ConPort in STDIO mode using FastMCP for initial CLI arg workspace_id: /home/bencan/projects/canvasCheckerBot
2025-08-17 20:49:18,425 - INFO - context_portal_mcp.main - Pre-warming database connection for workspace: /home/bencan/projects/canvasCheckerBot
2025-08-17 20:49:18,425 - INFO - context_portal_mcp.db.database - Alembic: Script directory /home/bencan/projects/canvasCheckerBot/context_portal/alembic confirmed to exist by Python.
2025-08-17 20:49:18,426 - INFO - context_portal_mcp.db.database - Running Alembic migrations for database: /home/bencan/projects/canvasCheckerBot/context_portal/context.db
2025-08-17 21:36:55,395 - INFO - context_portal_mcp.main - File logging configured to: /home/bencan/projects/canvasCheckerBot/context_portal/./logs/conport.log
2025-08-17 21:36:55,395 - INFO - context_portal_mcp.main - Parsed CLI args: Namespace(host='127.0.0.1', port=8000, workspace_id='/home/bencan/projects/canvasCheckerBot', mode='stdio', log_file='./logs/conport.log', log_level='INFO')
2025-08-17 21:36:55,395 - INFO - context_portal_mcp.main - Starting ConPort in STDIO mode using FastMCP for initial CLI arg workspace_id: /home/bencan/projects/canvasCheckerBot
2025-08-17 21:36:55,395 - INFO - context_portal_mcp.main - Pre-warming database connection for workspace: /home/bencan/projects/canvasCheckerBot
2025-08-17 21:36:55,395 - INFO - context_portal_mcp.db.database - Alembic: Script directory /home/bencan/projects/canvasCheckerBot/context_portal/alembic confirmed to exist by Python.
2025-08-17 21:36:55,395 - INFO - context_portal_mcp.db.database - Running Alembic migrations for database: /home/bencan/projects/canvasCheckerBot/context_portal/context.db
2025-08-17 21:39:35,179 - INFO - context_portal_mcp.main - File logging configured to: /home/bencan/projects/canvasCheckerBot/context_portal/./logs/conport.log
2025-08-17 21:39:35,179 - INFO - context_portal_mcp.main - Parsed CLI args: Namespace(host='127.0.0.1', port=8000, workspace_id='/home/bencan/projects/canvasCheckerBot', mode='stdio', log_file='./logs/conport.log', log_level='INFO')
2025-08-17 21:39:35,179 - INFO - context_portal_mcp.main - Starting ConPort in STDIO mode using FastMCP for initial CLI arg workspace_id: /home/bencan/projects/canvasCheckerBot
2025-08-17 21:39:35,179 - INFO - context_portal_mcp.main - Pre-warming database connection for workspace: /home/bencan/projects/canvasCheckerBot
2025-08-17 21:39:35,179 - INFO - context_portal_mcp.db.database - Alembic: Script directory /home/bencan/projects/canvasCheckerBot/context_portal/alembic confirmed to exist by Python.
2025-08-17 21:39:35,179 - INFO - context_portal_mcp.db.database - Running Alembic migrations for database: /home/bencan/projects/canvasCheckerBot/context_portal/context.db
2025-08-17 21:40:46,379 - INFO - context_portal_mcp.main - File logging configured to: /home/bencan/projects/canvasCheckerBot/context_portal/./logs/conport.log
2025-08-17 21:40:46,379 - INFO - context_portal_mcp.main - Parsed CLI args: Namespace(host='127.0.0.1', port=8000, workspace_id='/home/bencan/projects/canvasCheckerBot', mode='stdio', log_file='./logs/conport.log', log_level='INFO')
2025-08-17 21:40:46,379 - INFO - context_portal_mcp.main - Starting ConPort in STDIO mode using FastMCP for initial CLI arg workspace_id: /home/bencan/projects/canvasCheckerBot
2025-08-17 21:40:46,379 - INFO - context_portal_mcp.main - Pre-warming database connection for workspace: /home/bencan/projects/canvasCheckerBot
2025-08-17 21:40:46,380 - INFO - context_portal_mcp.db.database - Alembic: Script directory /home/bencan/projects/canvasCheckerBot/context_portal/alembic confirmed to exist by Python.
2025-08-17 21:40:46,380 - INFO - context_portal_mcp.db.database - Running Alembic migrations for database: /home/bencan/projects/canvasCheckerBot/context_portal/context.db
2025-08-18 06:34:16,313 - INFO - context_portal_mcp.main - File logging configured to: /home/bencan/projects/canvasCheckerBot/context_portal/./logs/conport.log
2025-08-18 06:34:16,313 - INFO - context_portal_mcp.main - Parsed CLI args: Namespace(host='127.0.0.1', port=8000, workspace_id='/home/bencan/projects/canvasCheckerBot', mode='stdio', log_file='./logs/conport.log', log_level='INFO')
2025-08-18 06:34:16,313 - INFO - context_portal_mcp.main - Starting ConPort in STDIO mode using FastMCP for initial CLI arg workspace_id: /home/bencan/projects/canvasCheckerBot
2025-08-18 06:34:16,313 - INFO - context_portal_mcp.main - Pre-warming database connection for workspace: /home/bencan/projects/canvasCheckerBot
2025-08-18 06:34:16,314 - INFO - context_portal_mcp.db.database - Alembic: Script directory /home/bencan/projects/canvasCheckerBot/context_portal/alembic confirmed to exist by Python.
2025-08-18 06:34:16,314 - INFO - context_portal_mcp.db.database - Running Alembic migrations for database: /home/bencan/projects/canvasCheckerBot/context_portal/context.db
2025-08-18 14:48:28,178 - INFO - context_portal_mcp.main - File logging configured to: /home/bencan/projects/canvasCheckerBot/context_portal/./logs/conport.log
2025-08-18 14:48:28,178 - INFO - context_portal_mcp.main - Parsed CLI args: Namespace(host='127.0.0.1', port=8000, workspace_id='/home/bencan/projects/canvasCheckerBot', mode='stdio', log_file='./logs/conport.log', log_level='INFO')
2025-08-18 14:48:28,178 - INFO - context_portal_mcp.main - Starting ConPort in STDIO mode using FastMCP for initial CLI arg workspace_id: /home/bencan/projects/canvasCheckerBot
2025-08-18 14:48:28,178 - INFO - context_portal_mcp.main - Pre-warming database connection for workspace: /home/bencan/projects/canvasCheckerBot
2025-08-18 14:48:28,178 - INFO - context_portal_mcp.db.database - Alembic: Script directory /home/bencan/projects/canvasCheckerBot/context_portal/alembic confirmed to exist by Python.
2025-08-18 14:48:28,178 - INFO - context_portal_mcp.db.database - Running Alembic migrations for database: /home/bencan/projects/canvasCheckerBot/context_portal/context.db
2025-08-18 14:53:38,700 - INFO - context_portal_mcp.main - File logging configured to: /home/bencan/projects/canvasCheckerBot/context_portal/./logs/conport.log
2025-08-18 14:53:38,700 - INFO - context_portal_mcp.main - Parsed CLI args: Namespace(host='127.0.0.1', port=8000, workspace_id='/home/bencan/projects/canvasCheckerBot', mode='stdio', log_file='./logs/conport.log', log_level='INFO')
2025-08-18 14:53:38,700 - INFO - context_portal_mcp.main - Starting ConPort in STDIO mode using FastMCP for initial CLI arg workspace_id: /home/bencan/projects/canvasCheckerBot
2025-08-18 14:53:38,700 - INFO - context_portal_mcp.main - Pre-warming database connection for workspace: /home/bencan/projects/canvasCheckerBot
2025-08-18 14:53:38,701 - INFO - context_portal_mcp.db.database - Alembic: Script directory /home/bencan/projects/canvasCheckerBot/context_portal/alembic confirmed to exist by Python.
2025-08-18 14:53:38,701 - INFO - context_portal_mcp.db.database - Running Alembic migrations for database: /home/bencan/projects/canvasCheckerBot/context_portal/context.db
2025-08-18 19:57:11,410 - INFO - context_portal_mcp.main - File logging configured to: /home/bencan/projects/canvasCheckerBot/context_portal/./logs/conport.log
2025-08-18 19:57:11,410 - INFO - context_portal_mcp.main - Parsed CLI args: Namespace(host='127.0.0.1', port=8000, workspace_id='/home/bencan/projects/canvasCheckerBot', mode='stdio', log_file='./logs/conport.log', log_level='INFO')
2025-08-18 19:57:11,410 - INFO - context_portal_mcp.main - Starting ConPort in STDIO mode using FastMCP for initial CLI arg workspace_id: /home/bencan/projects/canvasCheckerBot
2025-08-18 19:57:11,410 - INFO - context_portal_mcp.main - Pre-warming database connection for workspace: /home/bencan/projects/canvasCheckerBot
2025-08-18 19:57:11,410 - INFO - context_portal_mcp.db.database - Alembic: Script directory /home/bencan/projects/canvasCheckerBot/context_portal/alembic confirmed to exist by Python.
2025-08-18 19:57:11,410 - INFO - context_portal_mcp.db.database - Running Alembic migrations for database: /home/bencan/projects/canvasCheckerBot/context_portal/context.db
2025-08-18 20:37:46,623 - INFO - context_portal_mcp.main - File logging configured to: /home/bencan/projects/canvasCheckerBot/context_portal/./logs/conport.log
2025-08-18 20:37:46,623 - INFO - context_portal_mcp.main - Parsed CLI args: Namespace(host='127.0.0.1', port=8000, workspace_id='/home/bencan/projects/canvasCheckerBot', mode='stdio', log_file='./logs/conport.log', log_level='INFO')
2025-08-18 20:37:46,623 - INFO - context_portal_mcp.main - Starting ConPort in STDIO mode using FastMCP for initial CLI arg workspace_id: /home/bencan/projects/canvasCheckerBot
2025-08-18 20:37:46,623 - INFO - context_portal_mcp.main - Pre-warming database connection for workspace: /home/bencan/projects/canvasCheckerBot
2025-08-18 20:37:46,623 - INFO - context_portal_mcp.db.database - Alembic: Script directory /home/bencan/projects/canvasCheckerBot/context_portal/alembic confirmed to exist by Python.
2025-08-18 20:37:46,623 - INFO - context_portal_mcp.db.database - Running Alembic migrations for database: /home/bencan/projects/canvasCheckerBot/context_portal/context.db
2025-08-18 21:32:04,417 - INFO - context_portal_mcp.main - File logging configured to: /home/bencan/projects/canvasCheckerBot/context_portal/./logs/conport.log
2025-08-18 21:32:04,417 - INFO - context_portal_mcp.main - Parsed CLI args: Namespace(host='127.0.0.1', port=8000, workspace_id='/home/bencan/projects/canvasCheckerBot', mode='stdio', log_file='./logs/conport.log', log_level='INFO')
2025-08-18 21:32:04,417 - INFO - context_portal_mcp.main - Starting ConPort in STDIO mode using FastMCP for initial CLI arg workspace_id: /home/bencan/projects/canvasCheckerBot
2025-08-18 21:32:04,417 - INFO - context_portal_mcp.main - Pre-warming database connection for workspace: /home/bencan/projects/canvasCheckerBot
2025-08-18 21:32:04,418 - INFO - context_portal_mcp.db.database - Alembic: Script directory /home/bencan/projects/canvasCheckerBot/context_portal/alembic confirmed to exist by Python.
2025-08-18 21:32:04,418 - INFO - context_portal_mcp.db.database - Running Alembic migrations for database: /home/bencan/projects/canvasCheckerBot/context_portal/context.db
2025-08-18 21:42:31,451 - INFO - context_portal_mcp.main - File logging configured to: /home/bencan/projects/canvasCheckerBot/context_portal/./logs/conport.log
2025-08-18 21:42:31,451 - INFO - context_portal_mcp.main - Parsed CLI args: Namespace(host='127.0.0.1', port=8000, workspace_id='/home/bencan/projects/canvasCheckerBot', mode='stdio', log_file='./logs/conport.log', log_level='INFO')
2025-08-18 21:42:31,451 - INFO - context_portal_mcp.main - Starting ConPort in STDIO mode using FastMCP for initial CLI arg workspace_id: /home/bencan/projects/canvasCheckerBot
2025-08-18 21:42:31,451 - INFO - context_portal_mcp.main - Pre-warming database connection for workspace: /home/bencan/projects/canvasCheckerBot
2025-08-18 21:42:31,451 - INFO - context_portal_mcp.db.database - Alembic: Script directory /home/bencan/projects/canvasCheckerBot/context_portal/alembic confirmed to exist by Python.
2025-08-18 21:42:31,452 - INFO - context_portal_mcp.db.database - Running Alembic migrations for database: /home/bencan/projects/canvasCheckerBot/context_portal/context.db
2025-08-19 07:51:47,445 - INFO - context_portal_mcp.main - File logging configured to: /home/bencan/projects/canvasCheckerBot/context_portal/./logs/conport.log
2025-08-19 07:51:47,445 - INFO - context_portal_mcp.main - Parsed CLI args: Namespace(host='127.0.0.1', port=8000, workspace_id='/home/bencan/projects/canvasCheckerBot', mode='stdio', log_file='./logs/conport.log', log_level='INFO')
2025-08-19 07:51:47,445 - INFO - context_portal_mcp.main - Starting ConPort in STDIO mode using FastMCP for initial CLI arg workspace_id: /home/bencan/projects/canvasCheckerBot
2025-08-19 07:51:47,445 - INFO - context_portal_mcp.main - Pre-warming database connection for workspace: /home/bencan/projects/canvasCheckerBot
2025-08-19 07:51:47,445 - INFO - context_portal_mcp.db.database - Alembic: Script directory /home/bencan/projects/canvasCheckerBot/context_portal/alembic confirmed to exist by Python.
2025-08-19 07:51:47,445 - INFO - context_portal_mcp.db.database - Running Alembic migrations for database: /home/bencan/projects/canvasCheckerBot/context_portal/context.db
2025-08-20 15:19:59,747 - INFO - context_portal_mcp.main - File logging configured to: /home/bencan/projects/canvasCheckerBot/context_portal/./logs/conport.log
2025-08-20 15:19:59,747 - INFO - context_portal_mcp.main - Parsed CLI args: Namespace(host='127.0.0.1', port=8000, workspace_id='/home/bencan/projects/canvasCheckerBot', mode='stdio', log_file='./logs/conport.log', log_level='INFO')
2025-08-20 15:19:59,747 - INFO - context_portal_mcp.main - Starting ConPort in STDIO mode using FastMCP for initial CLI arg workspace_id: /home/bencan/projects/canvasCheckerBot
2025-08-20 15:19:59,747 - INFO - context_portal_mcp.main - Pre-warming database connection for workspace: /home/bencan/projects/canvasCheckerBot
2025-08-20 15:19:59,747 - INFO - context_portal_mcp.db.database - Alembic: Script directory /home/bencan/projects/canvasCheckerBot/context_portal/alembic confirmed to exist by Python.
2025-08-20 15:19:59,747 - INFO - context_portal_mcp.db.database - Running Alembic migrations for database: /home/bencan/projects/canvasCheckerBot/context_portal/context.db
2025-08-21 21:19:31,822 - INFO - context_portal_mcp.main - File logging configured to: /home/bencan/projects/canvasCheckerBot/context_portal/./logs/conport.log
2025-08-21 21:19:31,823 - INFO - context_portal_mcp.main - Parsed CLI args: Namespace(host='127.0.0.1', port=8000, workspace_id='/home/bencan/projects/canvasCheckerBot', mode='stdio', log_file='./logs/conport.log', log_level='INFO')
2025-08-21 21:19:31,823 - INFO - context_portal_mcp.main - Starting ConPort in STDIO mode using FastMCP for initial CLI arg workspace_id: /home/bencan/projects/canvasCheckerBot
2025-08-21 21:19:31,823 - INFO - context_portal_mcp.main - Pre-warming database connection for workspace: /home/bencan/projects/canvasCheckerBot
2025-08-21 21:19:31,823 - INFO - context_portal_mcp.db.database - Alembic: Script directory /home/bencan/projects/canvasCheckerBot/context_portal/alembic confirmed to exist by Python.
2025-08-21 21:19:31,824 - INFO - context_portal_mcp.db.database - Running Alembic migrations for database: /home/bencan/projects/canvasCheckerBot/context_portal/context.db
2025-08-21 21:20:13,323 - INFO - context_portal_mcp.main - File logging configured to: /home/bencan/projects/canvasCheckerBot/context_portal/./logs/conport.log
2025-08-21 21:20:13,323 - INFO - context_portal_mcp.main - Parsed CLI args: Namespace(host='127.0.0.1', port=8000, workspace_id='/home/bencan/projects/canvasCheckerBot', mode='stdio', log_file='./logs/conport.log', log_level='INFO')
2025-08-21 21:20:13,323 - INFO - context_portal_mcp.main - Starting ConPort in STDIO mode using FastMCP for initial CLI arg workspace_id: /home/bencan/projects/canvasCheckerBot
2025-08-21 21:20:13,323 - INFO - context_portal_mcp.main - Pre-warming database connection for workspace: /home/bencan/projects/canvasCheckerBot
2025-08-21 21:20:13,324 - INFO - context_portal_mcp.db.database - Alembic: Script directory /home/bencan/projects/canvasCheckerBot/context_portal/alembic confirmed to exist by Python.
2025-08-21 21:20:13,324 - INFO - context_portal_mcp.db.database - Running Alembic migrations for database: /home/bencan/projects/canvasCheckerBot/context_portal/context.db
2025-08-22 19:10:24,063 - INFO - context_portal_mcp.main - File logging configured to: /home/bencan/projects/canvasCheckerBot/context_portal/./logs/conport.log
2025-08-22 19:10:24,063 - INFO - context_portal_mcp.main - Parsed CLI args: Namespace(host='127.0.0.1', port=8000, workspace_id='/home/bencan/projects/canvasCheckerBot', mode='stdio', log_file='./logs/conport.log', log_level='INFO')
2025-08-22 19:10:24,063 - INFO - context_portal_mcp.main - Starting ConPort in STDIO mode using FastMCP for initial CLI arg workspace_id: /home/bencan/projects/canvasCheckerBot
2025-08-22 19:10:24,063 - INFO - context_portal_mcp.main - Pre-warming database connection for workspace: /home/bencan/projects/canvasCheckerBot
2025-08-22 19:10:24,064 - INFO - context_portal_mcp.db.database - Alembic: Script directory /home/bencan/projects/canvasCheckerBot/context_portal/alembic confirmed to exist by Python.
2025-08-22 19:10:24,064 - INFO - context_portal_mcp.db.database - Running Alembic migrations for database: /home/bencan/projects/canvasCheckerBot/context_portal/context.db
2025-08-22 20:30:48,043 - INFO - context_portal_mcp.main - File logging configured to: /home/bencan/projects/canvasCheckerBot/context_portal/./logs/conport.log
2025-08-22 20:30:48,043 - INFO - context_portal_mcp.main - Parsed CLI args: Namespace(host='127.0.0.1', port=8000, workspace_id='/home/bencan/projects/canvasCheckerBot', mode='stdio', log_file='./logs/conport.log', log_level='INFO')
2025-08-22 20:30:48,043 - INFO - context_portal_mcp.main - Starting ConPort in STDIO mode using FastMCP for initial CLI arg workspace_id: /home/bencan/projects/canvasCheckerBot
2025-08-22 20:30:48,043 - INFO - context_portal_mcp.main - Pre-warming database connection for workspace: /home/bencan/projects/canvasCheckerBot
2025-08-22 20:30:48,043 - INFO - context_portal_mcp.db.database - Alembic: Script directory /home/bencan/projects/canvasCheckerBot/context_portal/alembic confirmed to exist by Python.
2025-08-22 20:30:48,044 - INFO - context_portal_mcp.db.database - Running Alembic migrations for database: /home/bencan/projects/canvasCheckerBot/context_portal/context.db
2025-08-22 20:35:29,854 - INFO - context_portal_mcp.main - File logging configured to: /home/bencan/projects/canvasCheckerBot/context_portal/./logs/conport.log
2025-08-22 20:35:29,854 - INFO - context_portal_mcp.main - Parsed CLI args: Namespace(host='127.0.0.1', port=8000, workspace_id='/home/bencan/projects/canvasCheckerBot', mode='stdio', log_file='./logs/conport.log', log_level='INFO')
2025-08-22 20:35:29,854 - INFO - context_portal_mcp.main - Starting ConPort in STDIO mode using FastMCP for initial CLI arg workspace_id: /home/bencan/projects/canvasCheckerBot
2025-08-22 20:35:29,854 - INFO - context_portal_mcp.main - Pre-warming database connection for workspace: /home/bencan/projects/canvasCheckerBot
2025-08-22 20:35:29,855 - INFO - context_portal_mcp.db.database - Alembic: Script directory /home/bencan/projects/canvasCheckerBot/context_portal/alembic confirmed to exist by Python.
2025-08-22 20:35:29,855 - INFO - context_portal_mcp.db.database - Running Alembic migrations for database: /home/bencan/projects/canvasCheckerBot/context_portal/context.db
2025-08-22 21:08:25,236 - INFO - context_portal_mcp.main - File logging configured to: /home/bencan/projects/canvasCheckerBot/context_portal/./logs/conport.log
2025-08-22 21:08:25,236 - INFO - context_portal_mcp.main - Parsed CLI args: Namespace(host='127.0.0.1', port=8000, workspace_id='/home/bencan/projects/canvasCheckerBot', mode='stdio', log_file='./logs/conport.log', log_level='INFO')
2025-08-22 21:08:25,236 - INFO - context_portal_mcp.main - Starting ConPort in STDIO mode using FastMCP for initial CLI arg workspace_id: /home/bencan/projects/canvasCheckerBot
2025-08-22 21:08:25,236 - INFO - context_portal_mcp.main - Pre-warming database connection for workspace: /home/bencan/projects/canvasCheckerBot
2025-08-22 21:08:25,236 - INFO - context_portal_mcp.db.database - Alembic: Script directory /home/bencan/projects/canvasCheckerBot/context_portal/alembic confirmed to exist by Python.
2025-08-22 21:08:25,236 - INFO - context_portal_mcp.db.database - Running Alembic migrations for database: /home/bencan/projects/canvasCheckerBot/context_portal/context.db
2025-08-22 21:40:54,666 - INFO - context_portal_mcp.main - File logging configured to: /home/bencan/projects/canvasCheckerBot/context_portal/./logs/conport.log
2025-08-22 21:40:54,666 - INFO - context_portal_mcp.main - Parsed CLI args: Namespace(host='127.0.0.1', port=8000, workspace_id='/home/bencan/projects/canvasCheckerBot', mode='stdio', log_file='./logs/conport.log', log_level='INFO')
2025-08-22 21:40:54,666 - INFO - context_portal_mcp.main - Starting ConPort in STDIO mode using FastMCP for initial CLI arg workspace_id: /home/bencan/projects/canvasCheckerBot
2025-08-22 21:40:54,666 - INFO - context_portal_mcp.main - Pre-warming database connection for workspace: /home/bencan/projects/canvasCheckerBot
2025-08-22 21:40:54,667 - INFO - context_portal_mcp.db.database - Alembic: Script directory /home/bencan/projects/canvasCheckerBot/context_portal/alembic confirmed to exist by Python.
2025-08-22 21:40:54,667 - INFO - context_portal_mcp.db.database - Running Alembic migrations for database: /home/bencan/projects/canvasCheckerBot/context_portal/context.db
2025-08-22 21:42:04,959 - INFO - context_portal_mcp.main - File logging configured to: /home/bencan/projects/canvasCheckerBot/context_portal/./logs/conport.log
2025-08-22 21:42:04,959 - INFO - context_portal_mcp.main - Parsed CLI args: Namespace(host='127.0.0.1', port=8000, workspace_id='/home/bencan/projects/canvasCheckerBot', mode='stdio', log_file='./logs/conport.log', log_level='INFO')
2025-08-22 21:42:04,959 - INFO - context_portal_mcp.main - Starting ConPort in STDIO mode using FastMCP for initial CLI arg workspace_id: /home/bencan/projects/canvasCheckerBot
2025-08-22 21:42:04,959 - INFO - context_portal_mcp.main - Pre-warming database connection for workspace: /home/bencan/projects/canvasCheckerBot
2025-08-22 21:42:04,959 - INFO - context_portal_mcp.db.database - Alembic: Script directory /home/bencan/projects/canvasCheckerBot/context_portal/alembic confirmed to exist by Python.
2025-08-22 21:42:04,959 - INFO - context_portal_mcp.db.database - Running Alembic migrations for database: /home/bencan/projects/canvasCheckerBot/context_portal/context.db
2025-08-22 21:43:11,183 - INFO - context_portal_mcp.main - File logging configured to: /home/bencan/projects/canvasCheckerBot/context_portal/./logs/conport.log
2025-08-22 21:43:11,183 - INFO - context_portal_mcp.main - Parsed CLI args: Namespace(host='127.0.0.1', port=8000, workspace_id='/home/bencan/projects/canvasCheckerBot', mode='stdio', log_file='./logs/conport.log', log_level='INFO')
2025-08-22 21:43:11,183 - INFO - context_portal_mcp.main - Starting ConPort in STDIO mode using FastMCP for initial CLI arg workspace_id: /home/bencan/projects/canvasCheckerBot
2025-08-22 21:43:11,183 - INFO - context_portal_mcp.main - Pre-warming database connection for workspace: /home/bencan/projects/canvasCheckerBot
2025-08-22 21:43:11,184 - INFO - context_portal_mcp.db.database - Alembic: Script directory /home/bencan/projects/canvasCheckerBot/context_portal/alembic confirmed to exist by Python.
2025-08-22 21:43:11,184 - INFO - context_portal_mcp.db.database - Running Alembic migrations for database: /home/bencan/projects/canvasCheckerBot/context_portal/context.db
2025-08-22 21:43:21,424 - INFO - context_portal_mcp.main - File logging configured to: /home/bencan/projects/canvasCheckerBot/context_portal/./logs/conport.log
2025-08-22 21:43:21,424 - INFO - context_portal_mcp.main - Parsed CLI args: Namespace(host='127.0.0.1', port=8000, workspace_id='/home/bencan/projects/canvasCheckerBot', mode='stdio', log_file='./logs/conport.log', log_level='INFO')
2025-08-22 21:43:21,424 - INFO - context_portal_mcp.main - Starting ConPort in STDIO mode using FastMCP for initial CLI arg workspace_id: /home/bencan/projects/canvasCheckerBot
2025-08-22 21:43:21,424 - INFO - context_portal_mcp.main - Pre-warming database connection for workspace: /home/bencan/projects/canvasCheckerBot
2025-08-22 21:43:21,425 - INFO - context_portal_mcp.db.database - Alembic: Script directory /home/bencan/projects/canvasCheckerBot/context_portal/alembic confirmed to exist by Python.
2025-08-22 21:43:21,425 - INFO - context_portal_mcp.db.database - Running Alembic migrations for database: /home/bencan/projects/canvasCheckerBot/context_portal/context.db
2025-08-22 21:51:25,790 - INFO - context_portal_mcp.main - File logging configured to: /home/bencan/projects/canvasCheckerBot/context_portal/./logs/conport.log
2025-08-22 21:51:25,790 - INFO - context_portal_mcp.main - Parsed CLI args: Namespace(host='127.0.0.1', port=8000, workspace_id='/home/bencan/projects/canvasCheckerBot', mode='stdio', log_file='./logs/conport.log', log_level='INFO')
2025-08-22 21:51:25,790 - INFO - context_portal_mcp.main - Starting ConPort in STDIO mode using FastMCP for initial CLI arg workspace_id: /home/bencan/projects/canvasCheckerBot
2025-08-22 21:51:25,790 - INFO - context_portal_mcp.main - Pre-warming database connection for workspace: /home/bencan/projects/canvasCheckerBot
2025-08-22 21:51:25,790 - INFO - context_portal_mcp.db.database - Alembic: Script directory /home/bencan/projects/canvasCheckerBot/context_portal/alembic confirmed to exist by Python.
2025-08-22 21:51:25,791 - INFO - context_portal_mcp.db.database - Running Alembic migrations for database: /home/bencan/projects/canvasCheckerBot/context_portal/context.db
2025-08-22 23:01:42,794 - INFO - context_portal_mcp.main - File logging configured to: /home/bencan/projects/canvasCheckerBot/context_portal/./logs/conport.log
2025-08-22 23:01:42,794 - INFO - context_portal_mcp.main - Parsed CLI args: Namespace(host='127.0.0.1', port=8000, workspace_id='/home/bencan/projects/canvasCheckerBot', mode='stdio', log_file='./logs/conport.log', log_level='INFO')
2025-08-22 23:01:42,794 - INFO - context_portal_mcp.main - Starting ConPort in STDIO mode using FastMCP for initial CLI arg workspace_id: /home/bencan/projects/canvasCheckerBot
2025-08-22 23:01:42,794 - INFO - context_portal_mcp.main - Pre-warming database connection for workspace: /home/bencan/projects/canvasCheckerBot
2025-08-22 23:01:42,794 - INFO - context_portal_mcp.db.database - Alembic: Script directory /home/bencan/projects/canvasCheckerBot/context_portal/alembic confirmed to exist by Python.
2025-08-22 23:01:42,794 - INFO - context_portal_mcp.db.database - Running Alembic migrations for database: /home/bencan/projects/canvasCheckerBot/context_portal/context.db
2025-08-22 23:18:12,374 - INFO - context_portal_mcp.main - File logging configured to: /home/bencan/projects/canvasCheckerBot/context_portal/./logs/conport.log
2025-08-22 23:18:12,374 - INFO - context_portal_mcp.main - Parsed CLI args: Namespace(host='127.0.0.1', port=8000, workspace_id='/home/bencan/projects/canvasCheckerBot', mode='stdio', log_file='./logs/conport.log', log_level='INFO')
2025-08-22 23:18:12,374 - INFO - context_portal_mcp.main - Starting ConPort in STDIO mode using FastMCP for initial CLI arg workspace_id: /home/bencan/projects/canvasCheckerBot
2025-08-22 23:18:12,374 - INFO - context_portal_mcp.main - Pre-warming database connection for workspace: /home/bencan/projects/canvasCheckerBot
2025-08-22 23:18:12,375 - INFO - context_portal_mcp.db.database - Alembic: Script directory /home/bencan/projects/canvasCheckerBot/context_portal/alembic confirmed to exist by Python.
2025-08-22 23:18:12,375 - INFO - context_portal_mcp.db.database - Running Alembic migrations for database: /home/bencan/projects/canvasCheckerBot/context_portal/context.db
2025-08-22 23:18:17,035 - INFO - context_portal_mcp.main - File logging configured to: /home/bencan/projects/canvasCheckerBot/context_portal/./logs/conport.log
2025-08-22 23:18:17,035 - INFO - context_portal_mcp.main - Parsed CLI args: Namespace(host='127.0.0.1', port=8000, workspace_id='/home/bencan/projects/canvasCheckerBot', mode='stdio', log_file='./logs/conport.log', log_level='INFO')
2025-08-22 23:18:17,035 - INFO - context_portal_mcp.main - Starting ConPort in STDIO mode using FastMCP for initial CLI arg workspace_id: /home/bencan/projects/canvasCheckerBot
2025-08-22 23:18:17,035 - INFO - context_portal_mcp.main - Pre-warming database connection for workspace: /home/bencan/projects/canvasCheckerBot
2025-08-22 23:18:17,035 - INFO - context_portal_mcp.db.database - Alembic: Script directory /home/bencan/projects/canvasCheckerBot/context_portal/alembic confirmed to exist by Python.
2025-08-22 23:18:17,035 - INFO - context_portal_mcp.db.database - Running Alembic migrations for database: /home/bencan/projects/canvasCheckerBot/context_portal/context.db
2025-08-22 23:58:57,462 - INFO - context_portal_mcp.main - File logging configured to: /home/bencan/projects/canvasCheckerBot/context_portal/./logs/conport.log
2025-08-22 23:58:57,462 - INFO - context_portal_mcp.main - Parsed CLI args: Namespace(host='127.0.0.1', port=8000, workspace_id='/home/bencan/projects/canvasCheckerBot', mode='stdio', log_file='./logs/conport.log', log_level='INFO')
2025-08-22 23:58:57,462 - INFO - context_portal_mcp.main - Starting ConPort in STDIO mode using FastMCP for initial CLI arg workspace_id: /home/bencan/projects/canvasCheckerBot
2025-08-22 23:58:57,462 - INFO - context_portal_mcp.main - Pre-warming database connection for workspace: /home/bencan/projects/canvasCheckerBot
2025-08-22 23:58:57,462 - INFO - context_portal_mcp.db.database - Alembic: Script directory /home/bencan/projects/canvasCheckerBot/context_portal/alembic confirmed to exist by Python.
2025-08-22 23:58:57,462 - INFO - context_portal_mcp.db.database - Running Alembic migrations for database: /home/bencan/projects/canvasCheckerBot/context_portal/context.db
2025-08-23 00:21:43,837 - INFO - context_portal_mcp.main - File logging configured to: /home/bencan/projects/canvasCheckerBot/context_portal/./logs/conport.log
2025-08-23 00:21:43,837 - INFO - context_portal_mcp.main - Parsed CLI args: Namespace(host='127.0.0.1', port=8000, workspace_id='/home/bencan/projects/canvasCheckerBot', mode='stdio', log_file='./logs/conport.log', log_level='INFO')
2025-08-23 00:21:43,837 - INFO - context_portal_mcp.main - Starting ConPort in STDIO mode using FastMCP for initial CLI arg workspace_id: /home/bencan/projects/canvasCheckerBot
2025-08-23 00:21:43,837 - INFO - context_portal_mcp.main - Pre-warming database connection for workspace: /home/bencan/projects/canvasCheckerBot
2025-08-23 00:21:43,838 - INFO - context_portal_mcp.db.database - Alembic: Script directory /home/bencan/projects/canvasCheckerBot/context_portal/alembic confirmed to exist by Python.
2025-08-23 00:21:43,838 - INFO - context_portal_mcp.db.database - Running Alembic migrations for database: /home/bencan/projects/canvasCheckerBot/context_portal/context.db
2025-08-23 00:23:37,268 - INFO - context_portal_mcp.main - File logging configured to: /home/bencan/projects/canvasCheckerBot/context_portal/./logs/conport.log
2025-08-23 00:23:37,268 - INFO - context_portal_mcp.main - Parsed CLI args: Namespace(host='127.0.0.1', port=8000, workspace_id='/home/bencan/projects/canvasCheckerBot', mode='stdio', log_file='./logs/conport.log', log_level='INFO')
2025-08-23 00:23:37,268 - INFO - context_portal_mcp.main - Starting ConPort in STDIO mode using FastMCP for initial CLI arg workspace_id: /home/bencan/projects/canvasCheckerBot
2025-08-23 00:23:37,268 - INFO - context_portal_mcp.main - Pre-warming database connection for workspace: /home/bencan/projects/canvasCheckerBot
2025-08-23 00:23:37,269 - INFO - context_portal_mcp.db.database - Alembic: Script directory /home/bencan/projects/canvasCheckerBot/context_portal/alembic confirmed to exist by Python.
2025-08-23 00:23:37,269 - INFO - context_portal_mcp.db.database - Running Alembic migrations for database: /home/bencan/projects/canvasCheckerBot/context_portal/context.db
2025-08-23 00:26:56,584 - INFO - context_portal_mcp.main - File logging configured to: /home/bencan/projects/canvasCheckerBot/context_portal/./logs/conport.log
2025-08-23 00:26:56,584 - INFO - context_portal_mcp.main - Parsed CLI args: Namespace(host='127.0.0.1', port=8000, workspace_id='/home/bencan/projects/canvasCheckerBot', mode='stdio', log_file='./logs/conport.log', log_level='INFO')
2025-08-23 00:26:56,584 - INFO - context_portal_mcp.main - Starting ConPort in STDIO mode using FastMCP for initial CLI arg workspace_id: /home/bencan/projects/canvasCheckerBot
2025-08-23 00:26:56,584 - INFO - context_portal_mcp.main - Pre-warming database connection for workspace: /home/bencan/projects/canvasCheckerBot
2025-08-23 00:26:56,584 - INFO - context_portal_mcp.db.database - Alembic: Script directory /home/bencan/projects/canvasCheckerBot/context_portal/alembic confirmed to exist by Python.
2025-08-23 00:26:56,584 - INFO - context_portal_mcp.db.database - Running Alembic migrations for database: /home/bencan/projects/canvasCheckerBot/context_portal/context.db
2025-08-23 00:31:23,053 - INFO - context_portal_mcp.main - File logging configured to: /home/bencan/projects/canvasCheckerBot/context_portal/./logs/conport.log
2025-08-23 00:31:23,053 - INFO - context_portal_mcp.main - Parsed CLI args: Namespace(host='127.0.0.1', port=8000, workspace_id='/home/bencan/projects/canvasCheckerBot', mode='stdio', log_file='./logs/conport.log', log_level='INFO')
2025-08-23 00:31:23,053 - INFO - context_portal_mcp.main - Starting ConPort in STDIO mode using FastMCP for initial CLI arg workspace_id: /home/bencan/projects/canvasCheckerBot
2025-08-23 00:31:23,054 - INFO - context_portal_mcp.main - Pre-warming database connection for workspace: /home/bencan/projects/canvasCheckerBot
2025-08-23 00:31:23,054 - INFO - context_portal_mcp.db.database - Alembic: Script directory /home/bencan/projects/canvasCheckerBot/context_portal/alembic confirmed to exist by Python.
2025-08-23 00:31:23,054 - INFO - context_portal_mcp.db.database - Running Alembic migrations for database: /home/bencan/projects/canvasCheckerBot/context_portal/context.db
2025-08-23 00:31:43,615 - INFO - context_portal_mcp.main - File logging configured to: /home/bencan/projects/canvasCheckerBot/context_portal/./logs/conport.log
2025-08-23 00:31:43,615 - INFO - context_portal_mcp.main - Parsed CLI args: Namespace(host='127.0.0.1', port=8000, workspace_id='/home/bencan/projects/canvasCheckerBot', mode='stdio', log_file='./logs/conport.log', log_level='INFO')
2025-08-23 00:31:43,616 - INFO - context_portal_mcp.main - Starting ConPort in STDIO mode using FastMCP for initial CLI arg workspace_id: /home/bencan/projects/canvasCheckerBot
2025-08-23 00:31:43,616 - INFO - context_portal_mcp.main - Pre-warming database connection for workspace: /home/bencan/projects/canvasCheckerBot
2025-08-23 00:31:43,616 - INFO - context_portal_mcp.db.database - Alembic: Script directory /home/bencan/projects/canvasCheckerBot/context_portal/alembic confirmed to exist by Python.
2025-08-23 00:31:43,616 - INFO - context_portal_mcp.db.database - Running Alembic migrations for database: /home/bencan/projects/canvasCheckerBot/context_portal/context.db
2025-08-23 00:35:55,031 - INFO - context_portal_mcp.main - File logging configured to: /home/bencan/projects/canvasCheckerBot/context_portal/./logs/conport.log
2025-08-23 00:35:55,031 - INFO - context_portal_mcp.main - Parsed CLI args: Namespace(host='127.0.0.1', port=8000, workspace_id='/home/bencan/projects/canvasCheckerBot', mode='stdio', log_file='./logs/conport.log', log_level='INFO')
2025-08-23 00:35:55,031 - INFO - context_portal_mcp.main - Starting ConPort in STDIO mode using FastMCP for initial CLI arg workspace_id: /home/bencan/projects/canvasCheckerBot
2025-08-23 00:35:55,031 - INFO - context_portal_mcp.main - Pre-warming database connection for workspace: /home/bencan/projects/canvasCheckerBot
2025-08-23 00:35:55,032 - INFO - context_portal_mcp.db.database - Alembic: Script directory /home/bencan/projects/canvasCheckerBot/context_portal/alembic confirmed to exist by Python.
2025-08-23 00:35:55,032 - INFO - context_portal_mcp.db.database - Running Alembic migrations for database: /home/bencan/projects/canvasCheckerBot/context_portal/context.db
2025-08-23 00:36:17,980 - INFO - context_portal_mcp.main - File logging configured to: /home/bencan/projects/canvasCheckerBot/context_portal/./logs/conport.log
2025-08-23 00:36:17,981 - INFO - context_portal_mcp.main - Parsed CLI args: Namespace(host='127.0.0.1', port=8000, workspace_id='/home/bencan/projects/canvasCheckerBot', mode='stdio', log_file='./logs/conport.log', log_level='INFO')
2025-08-23 00:36:17,981 - INFO - context_portal_mcp.main - Starting ConPort in STDIO mode using FastMCP for initial CLI arg workspace_id: /home/bencan/projects/canvasCheckerBot
2025-08-23 00:36:17,981 - INFO - context_portal_mcp.main - Pre-warming database connection for workspace: /home/bencan/projects/canvasCheckerBot
2025-08-23 00:36:17,981 - INFO - context_portal_mcp.db.database - Alembic: Script directory /home/bencan/projects/canvasCheckerBot/context_portal/alembic confirmed to exist by Python.
2025-08-23 00:36:17,981 - INFO - context_portal_mcp.db.database - Running Alembic migrations for database: /home/bencan/projects/canvasCheckerBot/context_portal/context.db
2025-08-23 00:36:31,110 - INFO - context_portal_mcp.main - File logging configured to: /home/bencan/projects/canvasCheckerBot/context_portal/./logs/conport.log
2025-08-23 00:36:31,110 - INFO - context_portal_mcp.main - Parsed CLI args: Namespace(host='127.0.0.1', port=8000, workspace_id='/home/bencan/projects/canvasCheckerBot', mode='stdio', log_file='./logs/conport.log', log_level='INFO')
2025-08-23 00:36:31,110 - INFO - context_portal_mcp.main - Starting ConPort in STDIO mode using FastMCP for initial CLI arg workspace_id: /home/bencan/projects/canvasCheckerBot
2025-08-23 00:36:31,110 - INFO - context_portal_mcp.main - Pre-warming database connection for workspace: /home/bencan/projects/canvasCheckerBot
2025-08-23 00:36:31,111 - INFO - context_portal_mcp.db.database - Alembic: Script directory /home/bencan/projects/canvasCheckerBot/context_portal/alembic confirmed to exist by Python.
2025-08-23 00:36:31,111 - INFO - context_portal_mcp.db.database - Running Alembic migrations for database: /home/bencan/projects/canvasCheckerBot/context_portal/context.db
2025-08-23 00:39:11,626 - INFO - context_portal_mcp.main - File logging configured to: /home/bencan/projects/canvasCheckerBot/context_portal/./logs/conport.log
2025-08-23 00:39:11,626 - INFO - context_portal_mcp.main - Parsed CLI args: Namespace(host='127.0.0.1', port=8000, workspace_id='/home/bencan/projects/canvasCheckerBot', mode='stdio', log_file='./logs/conport.log', log_level='INFO')
2025-08-23 00:39:11,626 - INFO - context_portal_mcp.main - Starting ConPort in STDIO mode using FastMCP for initial CLI arg workspace_id: /home/bencan/projects/canvasCheckerBot
2025-08-23 00:39:11,626 - INFO - context_portal_mcp.main - Pre-warming database connection for workspace: /home/bencan/projects/canvasCheckerBot
2025-08-23 00:39:11,627 - INFO - context_portal_mcp.db.database - Alembic: Script directory /home/bencan/projects/canvasCheckerBot/context_portal/alembic confirmed to exist by Python.
2025-08-23 00:39:11,627 - INFO - context_portal_mcp.db.database - Running Alembic migrations for database: /home/bencan/projects/canvasCheckerBot/context_portal/context.db
2025-08-23 00:40:03,100 - INFO - context_portal_mcp.main - File logging configured to: /home/bencan/projects/canvasCheckerBot/context_portal/./logs/conport.log
2025-08-23 00:40:03,100 - INFO - context_portal_mcp.main - Parsed CLI args: Namespace(host='127.0.0.1', port=8000, workspace_id='/home/bencan/projects/canvasCheckerBot', mode='stdio', log_file='./logs/conport.log', log_level='INFO')
2025-08-23 00:40:03,100 - INFO - context_portal_mcp.main - Starting ConPort in STDIO mode using FastMCP for initial CLI arg workspace_id: /home/bencan/projects/canvasCheckerBot
2025-08-23 00:40:03,100 - INFO - context_portal_mcp.main - Pre-warming database connection for workspace: /home/bencan/projects/canvasCheckerBot
2025-08-23 00:40:03,100 - INFO - context_portal_mcp.db.database - Alembic: Script directory /home/bencan/projects/canvasCheckerBot/context_portal/alembic confirmed to exist by Python.
2025-08-23 00:40:03,100 - INFO - context_portal_mcp.db.database - Running Alembic migrations for database: /home/bencan/projects/canvasCheckerBot/context_portal/context.db
2025-08-23 00:40:13,758 - INFO - context_portal_mcp.main - File logging configured to: /home/bencan/projects/canvasCheckerBot/context_portal/./logs/conport.log
2025-08-23 00:40:13,758 - INFO - context_portal_mcp.main - Parsed CLI args: Namespace(host='127.0.0.1', port=8000, workspace_id='/home/bencan/projects/canvasCheckerBot', mode='stdio', log_file='./logs/conport.log', log_level='INFO')
2025-08-23 00:40:13,758 - INFO - context_portal_mcp.main - Starting ConPort in STDIO mode using FastMCP for initial CLI arg workspace_id: /home/bencan/projects/canvasCheckerBot
2025-08-23 00:40:13,758 - INFO - context_portal_mcp.main - Pre-warming database connection for workspace: /home/bencan/projects/canvasCheckerBot
2025-08-23 00:40:13,758 - INFO - context_portal_mcp.db.database - Alembic: Script directory /home/bencan/projects/canvasCheckerBot/context_portal/alembic confirmed to exist by Python.
2025-08-23 00:40:13,758 - INFO - context_portal_mcp.db.database - Running Alembic migrations for database: /home/bencan/projects/canvasCheckerBot/context_portal/context.db
2025-08-23 00:43:29,426 - INFO - context_portal_mcp.main - File logging configured to: /home/bencan/projects/canvasCheckerBot/context_portal/./logs/conport.log
2025-08-23 00:43:29,426 - INFO - context_portal_mcp.main - Parsed CLI args: Namespace(host='127.0.0.1', port=8000, workspace_id='/home/bencan/projects/canvasCheckerBot', mode='stdio', log_file='./logs/conport.log', log_level='INFO')
2025-08-23 00:43:29,426 - INFO - context_portal_mcp.main - Starting ConPort in STDIO mode using FastMCP for initial CLI arg workspace_id: /home/bencan/projects/canvasCheckerBot
2025-08-23 00:43:29,426 - INFO - context_portal_mcp.main - Pre-warming database connection for workspace: /home/bencan/projects/canvasCheckerBot
2025-08-23 00:43:29,426 - INFO - context_portal_mcp.db.database - Alembic: Script directory /home/bencan/projects/canvasCheckerBot/context_portal/alembic confirmed to exist by Python.
2025-08-23 00:43:29,426 - INFO - context_portal_mcp.db.database - Running Alembic migrations for database: /home/bencan/projects/canvasCheckerBot/context_portal/context.db
2025-08-23 00:49:25,775 - INFO - context_portal_mcp.main - File logging configured to: /home/bencan/projects/canvasCheckerBot/context_portal/./logs/conport.log
2025-08-23 00:49:25,775 - INFO - context_portal_mcp.main - Parsed CLI args: Namespace(host='127.0.0.1', port=8000, workspace_id='/home/bencan/projects/canvasCheckerBot', mode='stdio', log_file='./logs/conport.log', log_level='INFO')
2025-08-23 00:49:25,775 - INFO - context_portal_mcp.main - Starting ConPort in STDIO mode using FastMCP for initial CLI arg workspace_id: /home/bencan/projects/canvasCheckerBot
2025-08-23 00:49:25,775 - INFO - context_portal_mcp.main - Pre-warming database connection for workspace: /home/bencan/projects/canvasCheckerBot
2025-08-23 00:49:25,776 - INFO - context_portal_mcp.db.database - Alembic: Script directory /home/bencan/projects/canvasCheckerBot/context_portal/alembic confirmed to exist by Python.
2025-08-23 00:49:25,776 - INFO - context_portal_mcp.db.database - Running Alembic migrations for database: /home/bencan/projects/canvasCheckerBot/context_portal/context.db
2025-08-23 00:56:05,232 - INFO - context_portal_mcp.main - File logging configured to: /home/bencan/projects/canvasCheckerBot/context_portal/./logs/conport.log
2025-08-23 00:56:05,232 - INFO - context_portal_mcp.main - Parsed CLI args: Namespace(host='127.0.0.1', port=8000, workspace_id='/home/bencan/projects/canvasCheckerBot', mode='stdio', log_file='./logs/conport.log', log_level='INFO')
2025-08-23 00:56:05,232 - INFO - context_portal_mcp.main - Starting ConPort in STDIO mode using FastMCP for initial CLI arg workspace_id: /home/bencan/projects/canvasCheckerBot
2025-08-23 00:56:05,232 - INFO - context_portal_mcp.main - Pre-warming database connection for workspace: /home/bencan/projects/canvasCheckerBot
2025-08-23 00:56:05,232 - INFO - context_portal_mcp.db.database - Alembic: Script directory /home/bencan/projects/canvasCheckerBot/context_portal/alembic confirmed to exist by Python.
2025-08-23 00:56:05,232 - INFO - context_portal_mcp.db.database - Running Alembic migrations for database: /home/bencan/projects/canvasCheckerBot/context_portal/context.db
2025-08-23 00:56:49,461 - INFO - context_portal_mcp.main - File logging configured to: /home/bencan/projects/canvasCheckerBot/context_portal/./logs/conport.log
2025-08-23 00:56:49,461 - INFO - context_portal_mcp.main - Parsed CLI args: Namespace(host='127.0.0.1', port=8000, workspace_id='/home/bencan/projects/canvasCheckerBot', mode='stdio', log_file='./logs/conport.log', log_level='INFO')
2025-08-23 00:56:49,461 - INFO - context_portal_mcp.main - Starting ConPort in STDIO mode using FastMCP for initial CLI arg workspace_id: /home/bencan/projects/canvasCheckerBot
2025-08-23 00:56:49,462 - INFO - context_portal_mcp.main - Pre-warming database connection for workspace: /home/bencan/projects/canvasCheckerBot
2025-08-23 00:56:49,462 - INFO - context_portal_mcp.db.database - Alembic: Script directory /home/bencan/projects/canvasCheckerBot/context_portal/alembic confirmed to exist by Python.
2025-08-23 00:56:49,462 - INFO - context_portal_mcp.db.database - Running Alembic migrations for database: /home/bencan/projects/canvasCheckerBot/context_portal/context.db
2025-08-23 00:59:25,109 - INFO - context_portal_mcp.main - File logging configured to: /home/bencan/projects/canvasCheckerBot/context_portal/./logs/conport.log
2025-08-23 00:59:25,109 - INFO - context_portal_mcp.main - Parsed CLI args: Namespace(host='127.0.0.1', port=8000, workspace_id='/home/bencan/projects/canvasCheckerBot', mode='stdio', log_file='./logs/conport.log', log_level='INFO')
2025-08-23 00:59:25,109 - INFO - context_portal_mcp.main - Starting ConPort in STDIO mode using FastMCP for initial CLI arg workspace_id: /home/bencan/projects/canvasCheckerBot
2025-08-23 00:59:25,109 - INFO - context_portal_mcp.main - Pre-warming database connection for workspace: /home/bencan/projects/canvasCheckerBot
2025-08-23 00:59:25,109 - INFO - context_portal_mcp.db.database - Alembic: Script directory /home/bencan/projects/canvasCheckerBot/context_portal/alembic confirmed to exist by Python.
2025-08-23 00:59:25,109 - INFO - context_portal_mcp.db.database - Running Alembic migrations for database: /home/bencan/projects/canvasCheckerBot/context_portal/context.db
2025-08-23 01:00:09,454 - INFO - context_portal_mcp.main - File logging configured to: /home/bencan/projects/canvasCheckerBot/context_portal/./logs/conport.log
2025-08-23 01:00:09,454 - INFO - context_portal_mcp.main - Parsed CLI args: Namespace(host='127.0.0.1', port=8000, workspace_id='/home/bencan/projects/canvasCheckerBot', mode='stdio', log_file='./logs/conport.log', log_level='INFO')
2025-08-23 01:00:09,454 - INFO - context_portal_mcp.main - Starting ConPort in STDIO mode using FastMCP for initial CLI arg workspace_id: /home/bencan/projects/canvasCheckerBot
2025-08-23 01:00:09,454 - INFO - context_portal_mcp.main - Pre-warming database connection for workspace: /home/bencan/projects/canvasCheckerBot
2025-08-23 01:00:09,455 - INFO - context_portal_mcp.db.database - Alembic: Script directory /home/bencan/projects/canvasCheckerBot/context_portal/alembic confirmed to exist by Python.
2025-08-23 01:00:09,455 - INFO - context_portal_mcp.db.database - Running Alembic migrations for database: /home/bencan/projects/canvasCheckerBot/context_portal/context.db
2025-08-23 01:19:08,290 - INFO - context_portal_mcp.main - File logging configured to: /home/bencan/projects/canvasCheckerBot/context_portal/./logs/conport.log
2025-08-23 01:19:08,290 - INFO - context_portal_mcp.main - Parsed CLI args: Namespace(host='127.0.0.1', port=8000, workspace_id='/home/bencan/projects/canvasCheckerBot', mode='stdio', log_file='./logs/conport.log', log_level='INFO')
2025-08-23 01:19:08,290 - INFO - context_portal_mcp.main - Starting ConPort in STDIO mode using FastMCP for initial CLI arg workspace_id: /home/bencan/projects/canvasCheckerBot
2025-08-23 01:19:08,290 - INFO - context_portal_mcp.main - Pre-warming database connection for workspace: /home/bencan/projects/canvasCheckerBot
2025-08-23 01:19:08,291 - INFO - context_portal_mcp.db.database - Alembic: Script directory /home/bencan/projects/canvasCheckerBot/context_portal/alembic confirmed to exist by Python.
2025-08-23 01:19:08,291 - INFO - context_portal_mcp.db.database - Running Alembic migrations for database: /home/bencan/projects/canvasCheckerBot/context_portal/context.db
2025-08-23 08:44:05,000 - INFO - context_portal_mcp.main - File logging configured to: /home/bencan/projects/canvasCheckerBot/context_portal/./logs/conport.log
2025-08-23 08:44:05,000 - INFO - context_portal_mcp.main - Parsed CLI args: Namespace(host='127.0.0.1', port=8000, workspace_id='/home/bencan/projects/canvasCheckerBot', mode='stdio', log_file='./logs/conport.log', log_level='INFO')
2025-08-23 08:44:05,001 - INFO - context_portal_mcp.main - Starting ConPort in STDIO mode using FastMCP for initial CLI arg workspace_id: /home/bencan/projects/canvasCheckerBot
2025-08-23 08:44:05,001 - INFO - context_portal_mcp.main - Pre-warming database connection for workspace: /home/bencan/projects/canvasCheckerBot
2025-08-23 08:44:05,001 - INFO - context_portal_mcp.db.database - Alembic: Script directory /home/bencan/projects/canvasCheckerBot/context_portal/alembic confirmed to exist by Python.
2025-08-23 08:44:05,001 - INFO - context_portal_mcp.db.database - Running Alembic migrations for database: /home/bencan/projects/canvasCheckerBot/context_portal/context.db
2025-08-23 20:47:42,483 - INFO - context_portal_mcp.main - File logging configured to: /home/bencan/projects/canvasCheckerBot/context_portal/./logs/conport.log
2025-08-23 20:47:42,483 - INFO - context_portal_mcp.main - Parsed CLI args: Namespace(host='127.0.0.1', port=8000, workspace_id='/home/bencan/projects/canvasCheckerBot', mode='stdio', log_file='./logs/conport.log', log_level='INFO')
2025-08-23 20:47:42,483 - INFO - context_portal_mcp.main - Starting ConPort in STDIO mode using FastMCP for initial CLI arg workspace_id: /home/bencan/projects/canvasCheckerBot
2025-08-23 20:47:42,483 - INFO - context_portal_mcp.main - Pre-warming database connection for workspace: /home/bencan/projects/canvasCheckerBot
2025-08-23 20:47:42,484 - INFO - context_portal_mcp.db.database - Alembic: Script directory /home/bencan/projects/canvasCheckerBot/context_portal/alembic confirmed to exist by Python.
2025-08-23 20:47:42,484 - INFO - context_portal_mcp.db.database - Running Alembic migrations for database: /home/bencan/projects/canvasCheckerBot/context_portal/context.db
2025-08-23 20:47:46,820 - INFO - context_portal_mcp.main - File logging configured to: /home/bencan/projects/canvasCheckerBot/context_portal/./logs/conport.log
2025-08-23 20:47:46,820 - INFO - context_portal_mcp.main - Parsed CLI args: Namespace(host='127.0.0.1', port=8000, workspace_id='/home/bencan/projects/canvasCheckerBot', mode='stdio', log_file='./logs/conport.log', log_level='INFO')
2025-08-23 20:47:46,820 - INFO - context_portal_mcp.main - Starting ConPort in STDIO mode using FastMCP for initial CLI arg workspace_id: /home/bencan/projects/canvasCheckerBot
2025-08-23 20:47:46,820 - INFO - context_portal_mcp.main - Pre-warming database connection for workspace: /home/bencan/projects/canvasCheckerBot
2025-08-23 20:47:46,821 - INFO - context_portal_mcp.db.database - Alembic: Script directory /home/bencan/projects/canvasCheckerBot/context_portal/alembic confirmed to exist by Python.
2025-08-23 20:47:46,821 - INFO - context_portal_mcp.db.database - Running Alembic migrations for database: /home/bencan/projects/canvasCheckerBot/context_portal/context.db
2025-08-23 22:43:15,822 - INFO - context_portal_mcp.main - File logging configured to: /home/bencan/projects/canvasCheckerBot/context_portal/./logs/conport.log
2025-08-23 22:43:15,822 - INFO - context_portal_mcp.main - Parsed CLI args: Namespace(host='127.0.0.1', port=8000, workspace_id='/home/bencan/projects/canvasCheckerBot', mode='stdio', log_file='./logs/conport.log', log_level='INFO')
2025-08-23 22:43:15,822 - INFO - context_portal_mcp.main - Starting ConPort in STDIO mode using FastMCP for initial CLI arg workspace_id: /home/bencan/projects/canvasCheckerBot
2025-08-23 22:43:15,822 - INFO - context_portal_mcp.main - Pre-warming database connection for workspace: /home/bencan/projects/canvasCheckerBot
2025-08-23 22:43:15,822 - INFO - context_portal_mcp.db.database - Alembic: Script directory /home/bencan/projects/canvasCheckerBot/context_portal/alembic confirmed to exist by Python.
2025-08-23 22:43:15,822 - INFO - context_portal_mcp.db.database - Running Alembic migrations for database: /home/bencan/projects/canvasCheckerBot/context_portal/context.db
2025-08-23 23:10:44,336 - INFO - context_portal_mcp.main - File logging configured to: /home/bencan/projects/canvasCheckerBot/context_portal/./logs/conport.log
2025-08-23 23:10:44,336 - INFO - context_portal_mcp.main - Parsed CLI args: Namespace(host='127.0.0.1', port=8000, workspace_id='/home/bencan/projects/canvasCheckerBot', mode='stdio', log_file='./logs/conport.log', log_level='INFO')
2025-08-23 23:10:44,336 - INFO - context_portal_mcp.main - Starting ConPort in STDIO mode using FastMCP for initial CLI arg workspace_id: /home/bencan/projects/canvasCheckerBot
2025-08-23 23:10:44,336 - INFO - context_portal_mcp.main - Pre-warming database connection for workspace: /home/bencan/projects/canvasCheckerBot
2025-08-23 23:10:44,336 - INFO - context_portal_mcp.db.database - Alembic: Script directory /home/bencan/projects/canvasCheckerBot/context_portal/alembic confirmed to exist by Python.
2025-08-23 23:10:44,336 - INFO - context_portal_mcp.db.database - Running Alembic migrations for database: /home/bencan/projects/canvasCheckerBot/context_portal/context.db
2025-08-23 23:31:25,276 - INFO - context_portal_mcp.main - File logging configured to: /home/bencan/projects/canvasCheckerBot/context_portal/./logs/conport.log
2025-08-23 23:31:25,276 - INFO - context_portal_mcp.main - Parsed CLI args: Namespace(host='127.0.0.1', port=8000, workspace_id='/home/bencan/projects/canvasCheckerBot', mode='stdio', log_file='./logs/conport.log', log_level='INFO')
2025-08-23 23:31:25,276 - INFO - context_portal_mcp.main - Starting ConPort in STDIO mode using FastMCP for initial CLI arg workspace_id: /home/bencan/projects/canvasCheckerBot
2025-08-23 23:31:25,276 - INFO - context_portal_mcp.main - Pre-warming database connection for workspace: /home/bencan/projects/canvasCheckerBot
2025-08-23 23:31:25,276 - INFO - context_portal_mcp.db.database - Alembic: Script directory /home/bencan/projects/canvasCheckerBot/context_portal/alembic confirmed to exist by Python.
2025-08-23 23:31:25,276 - INFO - context_portal_mcp.db.database - Running Alembic migrations for database: /home/bencan/projects/canvasCheckerBot/context_portal/context.db
2025-08-23 23:31:30,538 - INFO - context_portal_mcp.main - File logging configured to: /home/bencan/projects/canvasCheckerBot/context_portal/./logs/conport.log
2025-08-23 23:31:30,538 - INFO - context_portal_mcp.main - Parsed CLI args: Namespace(host='127.0.0.1', port=8000, workspace_id='/home/bencan/projects/canvasCheckerBot', mode='stdio', log_file='./logs/conport.log', log_level='INFO')
2025-08-23 23:31:30,538 - INFO - context_portal_mcp.main - Starting ConPort in STDIO mode using FastMCP for initial CLI arg workspace_id: /home/bencan/projects/canvasCheckerBot
2025-08-23 23:31:30,538 - INFO - context_portal_mcp.main - Pre-warming database connection for workspace: /home/bencan/projects/canvasCheckerBot
2025-08-23 23:31:30,539 - INFO - context_portal_mcp.db.database - Alembic: Script directory /home/bencan/projects/canvasCheckerBot/context_portal/alembic confirmed to exist by Python.
2025-08-23 23:31:30,539 - INFO - context_portal_mcp.db.database - Running Alembic migrations for database: /home/bencan/projects/canvasCheckerBot/context_portal/context.db
2025-08-24 01:01:20,880 - INFO - context_portal_mcp.main - File logging configured to: /home/bencan/projects/canvasCheckerBot/context_portal/./logs/conport.log
2025-08-24 01:01:20,880 - INFO - context_portal_mcp.main - Parsed CLI args: Namespace(host='127.0.0.1', port=8000, workspace_id='/home/bencan/projects/canvasCheckerBot', mode='stdio', log_file='./logs/conport.log', log_level='INFO')
2025-08-24 01:01:20,880 - INFO - context_portal_mcp.main - Starting ConPort in STDIO mode using FastMCP for initial CLI arg workspace_id: /home/bencan/projects/canvasCheckerBot
2025-08-24 01:01:20,880 - INFO - context_portal_mcp.main - Pre-warming database connection for workspace: /home/bencan/projects/canvasCheckerBot
2025-08-24 01:01:20,880 - INFO - context_portal_mcp.db.database - Alembic: Script directory /home/bencan/projects/canvasCheckerBot/context_portal/alembic confirmed to exist by Python.
2025-08-24 01:01:20,880 - INFO - context_portal_mcp.db.database - Running Alembic migrations for database: /home/bencan/projects/canvasCheckerBot/context_portal/context.db
2025-08-24 09:39:19,283 - INFO - context_portal_mcp.main - File logging configured to: /home/bencan/projects/canvasCheckerBot/context_portal/./logs/conport.log
2025-08-24 09:39:19,283 - INFO - context_portal_mcp.main - Parsed CLI args: Namespace(host='127.0.0.1', port=8000, workspace_id='/home/bencan/projects/canvasCheckerBot', mode='stdio', log_file='./logs/conport.log', log_level='INFO')
2025-08-24 09:39:19,283 - INFO - context_portal_mcp.main - Starting ConPort in STDIO mode using FastMCP for initial CLI arg workspace_id: /home/bencan/projects/canvasCheckerBot
2025-08-24 09:39:19,283 - INFO - context_portal_mcp.main - Pre-warming database connection for workspace: /home/bencan/projects/canvasCheckerBot
2025-08-24 09:39:19,283 - INFO - context_portal_mcp.db.database - Alembic: Script directory /home/bencan/projects/canvasCheckerBot/context_portal/alembic confirmed to exist by Python.
2025-08-24 09:39:19,283 - INFO - context_portal_mcp.db.database - Running Alembic migrations for database: /home/bencan/projects/canvasCheckerBot/context_portal/context.db
2025-08-24 10:03:17,482 - INFO - context_portal_mcp.main - File logging configured to: /home/bencan/projects/canvasCheckerBot/context_portal/./logs/conport.log
2025-08-24 10:03:17,482 - INFO - context_portal_mcp.main - Parsed CLI args: Namespace(host='127.0.0.1', port=8000, workspace_id='/home/bencan/projects/canvasCheckerBot', mode='stdio', log_file='./logs/conport.log', log_level='INFO')
2025-08-24 10:03:17,482 - INFO - context_portal_mcp.main - Starting ConPort in STDIO mode using FastMCP for initial CLI arg workspace_id: /home/bencan/projects/canvasCheckerBot
2025-08-24 10:03:17,482 - INFO - context_portal_mcp.main - Pre-warming database connection for workspace: /home/bencan/projects/canvasCheckerBot
2025-08-24 10:03:17,482 - INFO - context_portal_mcp.db.database - Alembic: Script directory /home/bencan/projects/canvasCheckerBot/context_portal/alembic confirmed to exist by Python.
2025-08-24 10:03:17,482 - INFO - context_portal_mcp.db.database - Running Alembic migrations for database: /home/bencan/projects/canvasCheckerBot/context_portal/context.db
2025-08-24 10:04:01,663 - INFO - context_portal_mcp.main - File logging configured to: /home/bencan/projects/canvasCheckerBot/context_portal/./logs/conport.log
2025-08-24 10:04:01,663 - INFO - context_portal_mcp.main - Parsed CLI args: Namespace(host='127.0.0.1', port=8000, workspace_id='/home/bencan/projects/canvasCheckerBot', mode='stdio', log_file='./logs/conport.log', log_level='INFO')
2025-08-24 10:04:01,663 - INFO - context_portal_mcp.main - Starting ConPort in STDIO mode using FastMCP for initial CLI arg workspace_id: /home/bencan/projects/canvasCheckerBot
2025-08-24 10:04:01,663 - INFO - context_portal_mcp.main - Pre-warming database connection for workspace: /home/bencan/projects/canvasCheckerBot
2025-08-24 10:04:01,664 - INFO - context_portal_mcp.db.database - Alembic: Script directory /home/bencan/projects/canvasCheckerBot/context_portal/alembic confirmed to exist by Python.
2025-08-24 10:04:01,664 - INFO - context_portal_mcp.db.database - Running Alembic migrations for database: /home/bencan/projects/canvasCheckerBot/context_portal/context.db
2025-08-24 14:22:20,333 - INFO - context_portal_mcp.main - File logging configured to: /home/bencan/projects/canvasCheckerBot/context_portal/./logs/conport.log
2025-08-24 14:22:20,334 - INFO - context_portal_mcp.main - Parsed CLI args: Namespace(host='127.0.0.1', port=8000, workspace_id='/home/bencan/projects/canvasCheckerBot', mode='stdio', log_file='./logs/conport.log', log_level='INFO')
2025-08-24 14:22:20,334 - INFO - context_portal_mcp.main - Starting ConPort in STDIO mode using FastMCP for initial CLI arg workspace_id: /home/bencan/projects/canvasCheckerBot
2025-08-24 14:22:20,334 - INFO - context_portal_mcp.main - Pre-warming database connection for workspace: /home/bencan/projects/canvasCheckerBot
2025-08-24 14:22:20,334 - INFO - context_portal_mcp.db.database - Alembic: Script directory /home/bencan/projects/canvasCheckerBot/context_portal/alembic confirmed to exist by Python.
2025-08-24 14:22:20,334 - INFO - context_portal_mcp.db.database - Running Alembic migrations for database: /home/bencan/projects/canvasCheckerBot/context_portal/context.db
2025-08-24 14:23:26,366 - INFO - context_portal_mcp.main - File logging configured to: /home/bencan/projects/canvasCheckerBot/context_portal/./logs/conport.log
2025-08-24 14:23:26,367 - INFO - context_portal_mcp.main - Parsed CLI args: Namespace(host='127.0.0.1', port=8000, workspace_id='/home/bencan/projects/canvasCheckerBot', mode='stdio', log_file='./logs/conport.log', log_level='INFO')
2025-08-24 14:23:26,367 - INFO - context_portal_mcp.main - Starting ConPort in STDIO mode using FastMCP for initial CLI arg workspace_id: /home/bencan/projects/canvasCheckerBot
2025-08-24 14:23:26,367 - INFO - context_portal_mcp.main - Pre-warming database connection for workspace: /home/bencan/projects/canvasCheckerBot
2025-08-24 14:23:26,367 - INFO - context_portal_mcp.db.database - Alembic: Script directory /home/bencan/projects/canvasCheckerBot/context_portal/alembic confirmed to exist by Python.
2025-08-24 14:23:26,367 - INFO - context_portal_mcp.db.database - Running Alembic migrations for database: /home/bencan/projects/canvasCheckerBot/context_portal/context.db
2025-08-24 14:23:30,689 - INFO - context_portal_mcp.main - File logging configured to: /home/bencan/projects/canvasCheckerBot/context_portal/./logs/conport.log
2025-08-24 14:23:30,689 - INFO - context_portal_mcp.main - Parsed CLI args: Namespace(host='127.0.0.1', port=8000, workspace_id='/home/bencan/projects/canvasCheckerBot', mode='stdio', log_file='./logs/conport.log', log_level='INFO')
2025-08-24 14:23:30,689 - INFO - context_portal_mcp.main - Starting ConPort in STDIO mode using FastMCP for initial CLI arg workspace_id: /home/bencan/projects/canvasCheckerBot
2025-08-24 14:23:30,689 - INFO - context_portal_mcp.main - Pre-warming database connection for workspace: /home/bencan/projects/canvasCheckerBot
2025-08-24 14:23:30,689 - INFO - context_portal_mcp.db.database - Alembic: Script directory /home/bencan/projects/canvasCheckerBot/context_portal/alembic confirmed to exist by Python.
2025-08-24 14:23:30,689 - INFO - context_portal_mcp.db.database - Running Alembic migrations for database: /home/bencan/projects/canvasCheckerBot/context_portal/context.db
2025-08-24 14:23:35,199 - INFO - context_portal_mcp.main - File logging configured to: /home/bencan/projects/canvasCheckerBot/context_portal/./logs/conport.log
2025-08-24 14:23:35,199 - INFO - context_portal_mcp.main - Parsed CLI args: Namespace(host='127.0.0.1', port=8000, workspace_id='/home/bencan/projects/canvasCheckerBot', mode='stdio', log_file='./logs/conport.log', log_level='INFO')
2025-08-24 14:23:35,199 - INFO - context_portal_mcp.main - Starting ConPort in STDIO mode using FastMCP for initial CLI arg workspace_id: /home/bencan/projects/canvasCheckerBot
2025-08-24 14:23:35,199 - INFO - context_portal_mcp.main - Pre-warming database connection for workspace: /home/bencan/projects/canvasCheckerBot
2025-08-24 14:23:35,200 - INFO - context_portal_mcp.db.database - Alembic: Script directory /home/bencan/projects/canvasCheckerBot/context_portal/alembic confirmed to exist by Python.
2025-08-24 14:23:35,200 - INFO - context_portal_mcp.db.database - Running Alembic migrations for database: /home/bencan/projects/canvasCheckerBot/context_portal/context.db
2025-08-24 16:23:00,225 - INFO - context_portal_mcp.main - File logging configured to: /home/bencan/projects/canvasCheckerBot/context_portal/./logs/conport.log
2025-08-24 16:23:00,226 - INFO - context_portal_mcp.main - Parsed CLI args: Namespace(host='127.0.0.1', port=8000, workspace_id='/home/bencan/projects/canvasCheckerBot', mode='stdio', log_file='./logs/conport.log', log_level='INFO')
2025-08-24 16:23:00,226 - INFO - context_portal_mcp.main - Starting ConPort in STDIO mode using FastMCP for initial CLI arg workspace_id: /home/bencan/projects/canvasCheckerBot
2025-08-24 16:23:00,226 - INFO - context_portal_mcp.main - Pre-warming database connection for workspace: /home/bencan/projects/canvasCheckerBot
2025-08-24 16:23:00,226 - INFO - context_portal_mcp.db.database - Alembic: Script directory /home/bencan/projects/canvasCheckerBot/context_portal/alembic confirmed to exist by Python.
2025-08-24 16:23:00,226 - INFO - context_portal_mcp.db.database - Running Alembic migrations for database: /home/bencan/projects/canvasCheckerBot/context_portal/context.db
2025-08-24 18:59:49,271 - INFO - context_portal_mcp.main - File logging configured to: /home/bencan/projects/canvasCheckerBot/context_portal/./logs/conport.log
2025-08-24 18:59:49,271 - INFO - context_portal_mcp.main - Parsed CLI args: Namespace(host='127.0.0.1', port=8000, workspace_id='/home/bencan/projects/canvasCheckerBot', mode='stdio', log_file='./logs/conport.log', log_level='INFO')
2025-08-24 18:59:49,271 - INFO - context_portal_mcp.main - Starting ConPort in STDIO mode using FastMCP for initial CLI arg workspace_id: /home/bencan/projects/canvasCheckerBot
2025-08-24 18:59:49,271 - INFO - context_portal_mcp.main - Pre-warming database connection for workspace: /home/bencan/projects/canvasCheckerBot
2025-08-24 18:59:49,271 - INFO - context_portal_mcp.db.database - Alembic: Script directory /home/bencan/projects/canvasCheckerBot/context_portal/alembic confirmed to exist by Python.
2025-08-24 18:59:49,272 - INFO - context_portal_mcp.db.database - Running Alembic migrations for database: /home/bencan/projects/canvasCheckerBot/context_portal/context.db
